Using pre-set license
Built from '2020.3/staging' branch; Version is '2020.3.41f1 (7c19dc9acfda) revision 8133084'; Using compiler version '192528614'; Build Type 'Release'
OS: 'Windows 10  (10.0.19045) 64bit Core' Language: 'zh' Physical Memory: 32686 MB
BatchMode: 1, IsHumanControllingUs: 0, StartBugReporterOnCrash: 0, Is64bit: 1, IsPro: 0

COMMAND LINE ARGUMENTS:
S:\FireCat\unity\2020.3.41f1\Editor\Unity.exe
-adb2
-batchMode
-noUpm
-name
AssetImportWorker0
-projectPath
S:/git/GameOff2022_TennisForTwoRemastered
-logFile
Logs/AssetImportWorker0.log
-srvPort
64992
Successfully changed project path to: S:/git/GameOff2022_TennisForTwoRemastered
S:/git/GameOff2022_TennisForTwoRemastered
Using Asset Import Pipeline V2.
Refreshing native plugins compatible for Editor in 30.75 ms, found 2 plugins.
Preloading 0 native plugins for Editor in 0.00 ms.
Initialize engine version: 2020.3.41f1 (7c19dc9acfda)
[Subsystems] Discovering subsystems at path S:/FireCat/unity/2020.3.41f1/Editor/Data/Resources/UnitySubsystems
[Subsystems] Discovering subsystems at path S:/git/GameOff2022_TennisForTwoRemastered/Assets
GfxDevice: creating device client; threaded=0
Direct3D:
    Version:  Direct3D 11.0 [level 11.1]
    Renderer: NVIDIA GeForce GTX 960 (ID=0x1401)
    Vendor:   
    VRAM:     4053 MB
    Driver:   31.0.15.1748
Initialize mono
Mono path[0] = 'S:/FireCat/unity/2020.3.41f1/Editor/Data/Managed'
Mono path[1] = 'S:/FireCat/unity/2020.3.41f1/Editor/Data/MonoBleedingEdge/lib/mono/unityjit'
Mono config path = 'S:/FireCat/unity/2020.3.41f1/Editor/Data/MonoBleedingEdge/etc'
Using monoOptions --debugger-agent=transport=dt_socket,embedding=1,server=y,suspend=n,address=127.0.0.1:56388
Begin MonoManager ReloadAssembly
Registering precompiled unity dll's ...
Register platform support module: S:/FireCat/unity/2020.3.41f1/Editor/Data/PlaybackEngines/WebGLSupport/UnityEditor.WebGL.Extensions.dll
Register platform support module: S:/FireCat/unity/2020.3.41f1/Editor/Data/PlaybackEngines/WindowsStandaloneSupport/UnityEditor.WindowsStandalone.Extensions.dll
Registered in 0.002021 seconds.
Native extension for WindowsStandalone target not found
Native extension for WebGL target not found
Refreshing native plugins compatible for Editor in 28.78 ms, found 2 plugins.
Preloading 0 native plugins for Editor in 0.00 ms.
Mono: successfully reloaded assembly
- Completed reload, in  0.613 seconds
Domain Reload Profiling:
	ReloadAssembly (613ms)
		BeginReloadAssembly (80ms)
			ExecutionOrderSort (0ms)
			DisableScriptedObjects (0ms)
			BackupInstance (0ms)
			ReleaseScriptingObjects (0ms)
			CreateAndSetChildDomain (1ms)
		EndReloadAssembly (453ms)
			LoadAssemblies (80ms)
			RebuildTransferFunctionScriptingTraits (0ms)
			SetupTypeCache (153ms)
			ReleaseScriptCaches (0ms)
			RebuildScriptCaches (37ms)
			SetupLoadedEditorAssemblies (164ms)
				LogAssemblyErrors (0ms)
				InitializePlatformSupportModulesInManaged (4ms)
				SetLoadedEditorAssemblies (0ms)
				RefreshPlugins (29ms)
				BeforeProcessingInitializeOnLoad (16ms)
				ProcessInitializeOnLoadAttributes (85ms)
				ProcessInitializeOnLoadMethodAttributes (30ms)
				AfterProcessingInitializeOnLoad (0ms)
				EditorAssembliesLoaded (0ms)
			ExecutionOrderSort2 (0ms)
			AwakeInstancesAfterBackupRestoration (0ms)
Platform modules already initialized, skipping
Registering precompiled user dll's ...
Registered in 0.003442 seconds.
Begin MonoManager ReloadAssembly
Native extension for WindowsStandalone target not found
Native extension for WebGL target not found
Refreshing native plugins compatible for Editor in 0.33 ms, found 2 plugins.
Preloading 0 native plugins for Editor in 0.00 ms.
Mono: successfully reloaded assembly
- Completed reload, in  1.155 seconds
Domain Reload Profiling:
	ReloadAssembly (1155ms)
		BeginReloadAssembly (163ms)
			ExecutionOrderSort (0ms)
			DisableScriptedObjects (5ms)
			BackupInstance (0ms)
			ReleaseScriptingObjects (0ms)
			CreateAndSetChildDomain (19ms)
		EndReloadAssembly (935ms)
			LoadAssemblies (119ms)
			RebuildTransferFunctionScriptingTraits (0ms)
			SetupTypeCache (355ms)
			ReleaseScriptCaches (0ms)
			RebuildScriptCaches (58ms)
			SetupLoadedEditorAssemblies (335ms)
				LogAssemblyErrors (0ms)
				InitializePlatformSupportModulesInManaged (7ms)
				SetLoadedEditorAssemblies (1ms)
				RefreshPlugins (0ms)
				BeforeProcessingInitializeOnLoad (84ms)
				ProcessInitializeOnLoadAttributes (226ms)
				ProcessInitializeOnLoadMethodAttributes (13ms)
				AfterProcessingInitializeOnLoad (3ms)
				EditorAssembliesLoaded (0ms)
			ExecutionOrderSort2 (0ms)
			AwakeInstancesAfterBackupRestoration (2ms)
Platform modules already initialized, skipping
========================================================================
Worker process is ready to serve import requests
Launched and connected shader compiler UnityShaderCompiler.exe after 0.06 seconds
Refreshing native plugins compatible for Editor in 0.30 ms, found 2 plugins.
Preloading 0 native plugins for Editor in 0.00 ms.
Unloading 1528 Unused Serialized files (Serialized files now loaded: 0)
System memory in use before: 68.9 MB.
System memory in use after: 68.9 MB.

Unloading 16 unused Assets to reduce memory usage. Loaded Objects now: 1965.
Total: 3.805100 ms (FindLiveObjects: 0.151400 ms CreateObjectMapping: 0.049400 ms MarkObjects: 3.512400 ms  DeleteObjects: 0.090900 ms)

AssetImportParameters requested are different than current active one (requested -> active):
  custom:framework-win-MediaFoundation: 216162199b28c13a410421893ffa2e32 -> 
  custom:video-decoder-ogg-theora: a1e56fd34408186e4bbccfd4996cb3dc -> 
  custom:container-muxer-webm: aa71ff27fc2769a1b78a27578f13a17b -> 
  custom:container-demuxer-webm: 4f35f7cbe854078d1ac9338744f61a02 -> 
  custom:container-demuxer-ogg: 62fdf1f143b41e24485cea50d1cbac27 -> 
  custom:video-encoder-webm-vp8: eb34c28f22e8b96e1ab97ce403110664 -> 
  custom:video-codec-MediaFoundation-h265: 746d11721c4dcdbdad8f713fa42b33f4 -> 
  custom:video-decoder-webm-vp8: 9c59270c3fd7afecdb556c50c9e8de78 -> 
  custom:audio-decoder-ogg-vorbis: bf7c407c2cedff20999df2af8eb42d56 -> 
  custom:audio-encoder-webm-vorbis: bf7c407c2cedff20999df2af8eb42d56 -> 
========================================================================
Received Import Request.
  path: Assets
  artifactKey: Guid(00000000000000001000000000000000) Importer(815301076,1909f56bfc062723c751e8b465ee728b)
Start importing Assets using Guid(00000000000000001000000000000000) Importer(815301076,1909f56bfc062723c751e8b465ee728b)  -> (artifact id: '42d402b061de3733987d63b9cc3b64de') in 0.005861 seconds 
========================================================================
Received Import Request.
  Time since last request: 436.570686 seconds.
  path: Assets/Scripts/popup/gameMenu.cs
  artifactKey: Guid(c96cae0ec0386164cbf321e9fe673d63) Importer(815301076,1909f56bfc062723c751e8b465ee728b)
Start importing Assets/Scripts/popup/gameMenu.cs using Guid(c96cae0ec0386164cbf321e9fe673d63) Importer(815301076,1909f56bfc062723c751e8b465ee728b)  -> (artifact id: '42bf58bc5aeed684dd7d1519cfa6c992') in 0.048250 seconds 
========================================================================
Received Import Request.
  Time since last request: 3.140944 seconds.
  path: Assets/Scripts/popup/characterSelector.cs
  artifactKey: Guid(4749aabdd9b4b5c49a3aeb9d2a983829) Importer(815301076,1909f56bfc062723c751e8b465ee728b)
Start importing Assets/Scripts/popup/characterSelector.cs using Guid(4749aabdd9b4b5c49a3aeb9d2a983829) Importer(815301076,1909f56bfc062723c751e8b465ee728b)  -> (artifact id: 'afaf0d6d178dfd3ed3725bef3f27bb8f') in 0.003463 seconds 
========================================================================
Received Import Request.
  Time since last request: 0.728136 seconds.
  path: Assets/Scripts/popup/pop_nameEditor.cs
  artifactKey: Guid(4f92aab4a7588ac42bfde3ee33e1a9ab) Importer(815301076,1909f56bfc062723c751e8b465ee728b)
Start importing Assets/Scripts/popup/pop_nameEditor.cs using Guid(4f92aab4a7588ac42bfde3ee33e1a9ab) Importer(815301076,1909f56bfc062723c751e8b465ee728b)  -> (artifact id: '5607b993be1a5f204e80601dd29b6d28') in 0.003484 seconds 
========================================================================
Received Import Request.
  Time since last request: 0.997786 seconds.
  path: Assets/Scripts/popup/itemSelector.cs
  artifactKey: Guid(e70cab51486662f428dad45397a3425e) Importer(815301076,1909f56bfc062723c751e8b465ee728b)
Start importing Assets/Scripts/popup/itemSelector.cs using Guid(e70cab51486662f428dad45397a3425e) Importer(815301076,1909f56bfc062723c751e8b465ee728b)  -> (artifact id: '3e74ed54ed06346d5cde0949783bb49f') in 0.003639 seconds 
========================================================================
Received Import Request.
  Time since last request: 6.214483 seconds.
  path: Assets/Scripts/popup/refreshLayout.cs
  artifactKey: Guid(796a4c3c15b642e46a8b97d419b38260) Importer(815301076,1909f56bfc062723c751e8b465ee728b)
Start importing Assets/Scripts/popup/refreshLayout.cs using Guid(796a4c3c15b642e46a8b97d419b38260) Importer(815301076,1909f56bfc062723c751e8b465ee728b)  -> (artifact id: '8408270ea4e982760e60782b723e72c3') in 0.003741 seconds 
========================================================================
Received Import Request.
  Time since last request: 1.323824 seconds.
  path: Assets/Scripts/popup/UIChara.cs
  artifactKey: Guid(bc81e5f18a6573b4f999ac0e8b27353f) Importer(815301076,1909f56bfc062723c751e8b465ee728b)
Start importing Assets/Scripts/popup/UIChara.cs using Guid(bc81e5f18a6573b4f999ac0e8b27353f) Importer(815301076,1909f56bfc062723c751e8b465ee728b)  -> (artifact id: '880565105280a4edafb034035878223f') in 0.003475 seconds 
========================================================================
Received Import Request.
  Time since last request: 2.247814 seconds.
  path: Assets/Scripts/popup/UIItem.cs
  artifactKey: Guid(b1123c74c3aa89c4d9419429067985cf) Importer(815301076,1909f56bfc062723c751e8b465ee728b)
Start importing Assets/Scripts/popup/UIItem.cs using Guid(b1123c74c3aa89c4d9419429067985cf) Importer(815301076,1909f56bfc062723c751e8b465ee728b)  -> (artifact id: '890d3a164212eb494aba7391b8fe1329') in 0.003952 seconds 
========================================================================
Received Import Request.
  Time since last request: 14.891991 seconds.
  path: Assets/Scripts/popup/popup_manager.cs
  artifactKey: Guid(bdcf53308c977f04c9749e67492a497e) Importer(815301076,1909f56bfc062723c751e8b465ee728b)
Start importing Assets/Scripts/popup/popup_manager.cs using Guid(bdcf53308c977f04c9749e67492a497e) Importer(815301076,1909f56bfc062723c751e8b465ee728b)  -> (artifact id: 'bf61a395bf5200ce84150d4464a85abf') in 0.003555 seconds 
Thread 0000000000003780 may have been prematurely finalized
========================================================================
Received Import Request.
  Time since last request: 63.252232 seconds.
  path: Assets/Scripts/popup/popup_manager.cs
  artifactKey: Guid(bdcf53308c977f04c9749e67492a497e) Importer(815301076,1909f56bfc062723c751e8b465ee728b)
Start importing Assets/Scripts/popup/popup_manager.cs using Guid(bdcf53308c977f04c9749e67492a497e) Importer(815301076,1909f56bfc062723c751e8b465ee728b)  -> (artifact id: '6a6323ad530b68ef52bedd6193dd5717') in 0.003511 seconds 
========================================================================
Received Prepare
Registering precompiled user dll's ...
Registered in 0.003550 seconds.
Begin MonoManager ReloadAssembly
Native extension for WindowsStandalone target not found
Native extension for WebGL target not found
Refreshing native plugins compatible for Editor in 47.36 ms, found 2 plugins.
Preloading 0 native plugins for Editor in 0.00 ms.
Mono: successfully reloaded assembly
- Completed reload, in  1.178 seconds
Domain Reload Profiling:
	ReloadAssembly (1178ms)
		BeginReloadAssembly (151ms)
			ExecutionOrderSort (0ms)
			DisableScriptedObjects (5ms)
			BackupInstance (0ms)
			ReleaseScriptingObjects (0ms)
			CreateAndSetChildDomain (37ms)
		EndReloadAssembly (952ms)
			LoadAssemblies (145ms)
			RebuildTransferFunctionScriptingTraits (0ms)
			SetupTypeCache (335ms)
			ReleaseScriptCaches (1ms)
			RebuildScriptCaches (46ms)
			SetupLoadedEditorAssemblies (333ms)
				LogAssemblyErrors (0ms)
				InitializePlatformSupportModulesInManaged (6ms)
				SetLoadedEditorAssemblies (0ms)
				RefreshPlugins (47ms)
				BeforeProcessingInitializeOnLoad (66ms)
				ProcessInitializeOnLoadAttributes (194ms)
				ProcessInitializeOnLoadMethodAttributes (16ms)
				AfterProcessingInitializeOnLoad (3ms)
				EditorAssembliesLoaded (0ms)
			ExecutionOrderSort2 (0ms)
			AwakeInstancesAfterBackupRestoration (2ms)
Platform modules already initialized, skipping
Refreshing native plugins compatible for Editor in 0.72 ms, found 2 plugins.
Preloading 0 native plugins for Editor in 0.00 ms.
Unloading 2385 Unused Serialized files (Serialized files now loaded: 0)
System memory in use before: 94.8 MB.
System memory in use after: 94.4 MB.

Unloading 23 unused Assets to reduce memory usage. Loaded Objects now: 2820.
Total: 3.052600 ms (FindLiveObjects: 0.179200 ms CreateObjectMapping: 0.077200 ms MarkObjects: 2.508200 ms  DeleteObjects: 0.287300 ms)

AssetImportParameters requested are different than current active one (requested -> active):
  custom:framework-win-MediaFoundation: 216162199b28c13a410421893ffa2e32 -> 
  custom:video-decoder-ogg-theora: a1e56fd34408186e4bbccfd4996cb3dc -> 
  custom:container-muxer-webm: aa71ff27fc2769a1b78a27578f13a17b -> 
  custom:container-demuxer-webm: 4f35f7cbe854078d1ac9338744f61a02 -> 
  custom:container-demuxer-ogg: 62fdf1f143b41e24485cea50d1cbac27 -> 
  custom:video-encoder-webm-vp8: eb34c28f22e8b96e1ab97ce403110664 -> 
  custom:video-codec-MediaFoundation-h265: 746d11721c4dcdbdad8f713fa42b33f4 -> 
  custom:video-decoder-webm-vp8: 9c59270c3fd7afecdb556c50c9e8de78 -> 
  custom:audio-decoder-ogg-vorbis: bf7c407c2cedff20999df2af8eb42d56 -> 
  custom:audio-encoder-webm-vorbis: bf7c407c2cedff20999df2af8eb42d56 -> 
AssetImportWorkerClient::OnTransportError - code=2 error=End of file
